# JRE version: OpenJDK Runtime Environment Corretto-11.0.18.10.1 (11.0.18+10) (build 11.0.18+10-LTS)
# Java VM: OpenJDK 64-Bit Server VM Corretto-11.0.18.10.1 (11.0.18+10-LTS, mixed mode, tiered, compressed oops, g1 gc, windows-amd64)
Heap:
 garbage-first heap   total 78848K, used 12202K [0x00000000c1400000, 0x0000000100000000)
  region size 1024K, 2 young (2048K), 2 survivors (2048K)
 Metaspace       used 24582K, capacity 25219K, committed 25340K, reserved 1071104K
  class space    used 2634K, capacity 2820K, committed 2892K, reserved 1048576K
GC Heap History (11 events):
Event: 1.872 GC heap before
{Heap before GC invocations=0 (full 0):
 garbage-first heap   total 65536K, used 13312K [0x00000000c1400000, 0x0000000100000000)
  region size 1024K, 14 young (14336K), 0 survivors (0K)
 Metaspace       used 11170K, capacity 11365K, committed 11392K, reserved 1058816K
  class space    used 1042K, capacity 1130K, committed 1152K, reserved 1048576K
}
Event: 1.884 GC heap after
{Heap after GC invocations=1 (full 0):
 garbage-first heap   total 65536K, used 3022K [0x00000000c1400000, 0x0000000100000000)
  region size 1024K, 2 young (2048K), 2 survivors (2048K)
 Metaspace       used 11170K, capacity 11365K, committed 11392K, reserved 1058816K
  class space    used 1042K, capacity 1130K, committed 1152K, reserved 1048576K
}
Event: 2.436 GC heap before
{Heap before GC invocations=1 (full 0):
 garbage-first heap   total 65536K, used 14286K [0x00000000c1400000, 0x0000000100000000)
  region size 1024K, 13 young (13312K), 2 survivors (2048K)
 Metaspace       used 13088K, capacity 13295K, committed 13568K, reserved 1060864K
  class space    used 1320K, capacity 1412K, committed 1536K, reserved 1048576K
}
Event: 2.445 GC heap after
{Heap after GC invocations=2 (full 0):
 garbage-first heap   total 65536K, used 3604K [0x00000000c1400000, 0x0000000100000000)
  region size 1024K, 1 young (1024K), 1 survivors (1024K)
 Metaspace       used 13088K, capacity 13295K, committed 13568K, reserved 1060864K
  class space    used 1320K, capacity 1412K, committed 1536K, reserved 1048576K
}
Event: 3.550 GC heap before
{Heap before GC invocations=2 (full 0):
 garbage-first heap   total 65536K, used 30228K [0x00000000c1400000, 0x0000000100000000)
  region size 1024K, 27 young (27648K), 1 survivors (1024K)
 Metaspace       used 16204K, capacity 16395K, committed 16640K, reserved 1064960K
  class space    used 1690K, capacity 1782K, committed 1792K, reserved 1048576K
}
Event: 3.557 GC heap after
{Heap after GC invocations=3 (full 0):
 garbage-first heap   total 65536K, used 4693K [0x00000000c1400000, 0x0000000100000000)
  region size 1024K, 2 young (2048K), 2 survivors (2048K)
 Metaspace       used 16204K, capacity 16395K, committed 16640K, reserved 1064960K
  class space    used 1690K, capacity 1782K, committed 1792K, reserved 1048576K
}
Event: 5.156 GC heap before
{Heap before GC invocations=3 (full 0):
 garbage-first heap   total 65536K, used 30293K [0x00000000c1400000, 0x0000000100000000)
  region size 1024K, 28 young (28672K), 2 survivors (2048K)
 Metaspace       used 20932K, capacity 21213K, committed 21296K, reserved 1069056K
  class space    used 2307K, capacity 2424K, committed 2432K, reserved 1048576K
}
Event: 5.170 GC heap after
{Heap after GC invocations=4 (full 0):
 garbage-first heap   total 65536K, used 6509K [0x00000000c1400000, 0x0000000100000000)
  region size 1024K, 4 young (4096K), 4 survivors (4096K)
 Metaspace       used 20932K, capacity 21213K, committed 21296K, reserved 1069056K
  class space    used 2307K, capacity 2424K, committed 2432K, reserved 1048576K
}
Event: 7.511 GC heap before
{Heap before GC invocations=5 (full 0):
 garbage-first heap   total 65536K, used 38253K [0x00000000c1400000, 0x0000000100000000)
  region size 1024K, 35 young (35840K), 4 survivors (4096K)
 Metaspace       used 23600K, capacity 24172K, committed 24444K, reserved 1071104K
  class space    used 2557K, capacity 2725K, committed 2764K, reserved 1048576K
}
Event: 7.540 GC heap after
{Heap after GC invocations=6 (full 0):
 garbage-first heap   total 65536K, used 10103K [0x00000000c1400000, 0x0000000100000000)
  region size 1024K, 5 young (5120K), 5 survivors (5120K)
 Metaspace       used 23600K, capacity 24172K, committed 24444K, reserved 1071104K
  class space    used 2557K, capacity 2725K, committed 2764K, reserved 1048576K
}
Event: 9.072 GC heap before
{Heap before GC invocations=6 (full 0):
 garbage-first heap   total 65536K, used 42871K [0x00000000c1400000, 0x0000000100000000)
  region size 1024K, 37 young (37888K), 5 survivors (5120K)
 Metaspace       used 24582K, capacity 25219K, committed 25340K, reserved 1071104K
  class space    used 2634K, capacity 2820K, committed 2892K, reserved 1048576K
}

