# JRE version: OpenJDK Runtime Environment Corretto-11.0.18.10.1 (11.0.18+10) (build 11.0.18+10-LTS)
# Java VM: OpenJDK 64-Bit Server VM Corretto-11.0.18.10.1 (11.0.18+10-LTS, mixed mode, tiered, compressed oops, g1 gc, windows-amd64)
Heap:
 garbage-first heap   total 65536K, used 42166K [0x00000000c1400000, 0x0000000100000000)
  region size 1024K, 34 young (34816K), 4 survivors (4096K)
 Metaspace       used 34647K, capacity 35506K, committed 35760K, reserved 1081344K
  class space    used 3714K, capacity 4020K, committed 4096K, reserved 1048576K
GC Heap History (14 events):
Event: 17.986 GC heap before
{Heap before GC invocations=0 (full 0):
 garbage-first heap   total 65536K, used 13312K [0x00000000c1400000, 0x0000000100000000)
  region size 1024K, 14 young (14336K), 0 survivors (0K)
 Metaspace       used 11165K, capacity 11365K, committed 11392K, reserved 1058816K
  class space    used 1036K, capacity 1130K, committed 1152K, reserved 1048576K
}
Event: 18.017 GC heap after
{Heap after GC invocations=1 (full 0):
 garbage-first heap   total 65536K, used 3017K [0x00000000c1400000, 0x0000000100000000)
  region size 1024K, 2 young (2048K), 2 survivors (2048K)
 Metaspace       used 11165K, capacity 11365K, committed 11392K, reserved 1058816K
  class space    used 1036K, capacity 1130K, committed 1152K, reserved 1048576K
}
Event: 19.059 GC heap before
{Heap before GC invocations=1 (full 0):
 garbage-first heap   total 65536K, used 14281K [0x00000000c1400000, 0x0000000100000000)
  region size 1024K, 13 young (13312K), 2 survivors (2048K)
 Metaspace       used 13107K, capacity 13295K, committed 13568K, reserved 1060864K
  class space    used 1320K, capacity 1412K, committed 1536K, reserved 1048576K
}
Event: 19.068 GC heap after
{Heap after GC invocations=2 (full 0):
 garbage-first heap   total 65536K, used 3747K [0x00000000c1400000, 0x0000000100000000)
  region size 1024K, 1 young (1024K), 1 survivors (1024K)
 Metaspace       used 13107K, capacity 13295K, committed 13568K, reserved 1060864K
  class space    used 1320K, capacity 1412K, committed 1536K, reserved 1048576K
}
Event: 22.538 GC heap before
{Heap before GC invocations=2 (full 0):
 garbage-first heap   total 65536K, used 30371K [0x00000000c1400000, 0x0000000100000000)
  region size 1024K, 27 young (27648K), 1 survivors (1024K)
 Metaspace       used 16217K, capacity 16395K, committed 16640K, reserved 1064960K
  class space    used 1690K, capacity 1782K, committed 1792K, reserved 1048576K
}
Event: 22.545 GC heap after
{Heap after GC invocations=3 (full 0):
 garbage-first heap   total 65536K, used 4750K [0x00000000c1400000, 0x0000000100000000)
  region size 1024K, 2 young (2048K), 2 survivors (2048K)
 Metaspace       used 16217K, capacity 16395K, committed 16640K, reserved 1064960K
  class space    used 1690K, capacity 1782K, committed 1792K, reserved 1048576K
}
Event: 26.488 GC heap before
{Heap before GC invocations=3 (full 0):
 garbage-first heap   total 65536K, used 29326K [0x00000000c1400000, 0x0000000100000000)
  region size 1024K, 27 young (27648K), 2 survivors (2048K)
 Metaspace       used 20871K, capacity 21210K, committed 21296K, reserved 1069056K
  class space    used 2286K, capacity 2423K, committed 2432K, reserved 1048576K
}
Event: 26.504 GC heap after
{Heap after GC invocations=4 (full 0):
 garbage-first heap   total 65536K, used 6558K [0x00000000c1400000, 0x0000000100000000)
  region size 1024K, 4 young (4096K), 4 survivors (4096K)
 Metaspace       used 20871K, capacity 21210K, committed 21296K, reserved 1069056K
  class space    used 2286K, capacity 2423K, committed 2432K, reserved 1048576K
}
Event: 30.389 GC heap before
{Heap before GC invocations=5 (full 0):
 garbage-first heap   total 65536K, used 38302K [0x00000000c1400000, 0x0000000100000000)
  region size 1024K, 35 young (35840K), 4 survivors (4096K)
 Metaspace       used 23641K, capacity 24204K, committed 24496K, reserved 1071104K
  class space    used 2542K, capacity 2693K, committed 2816K, reserved 1048576K
}
Event: 30.419 GC heap after
{Heap after GC invocations=6 (full 0):
 garbage-first heap   total 65536K, used 10122K [0x00000000c1400000, 0x0000000100000000)
  region size 1024K, 5 young (5120K), 5 survivors (5120K)
 Metaspace       used 23641K, capacity 24204K, committed 24496K, reserved 1071104K
  class space    used 2542K, capacity 2693K, committed 2816K, reserved 1048576K
}
Event: 34.019 GC heap before
{Heap before GC invocations=6 (full 0):
 garbage-first heap   total 65536K, used 42890K [0x00000000c1400000, 0x0000000100000000)
  region size 1024K, 37 young (37888K), 5 survivors (5120K)
 Metaspace       used 24702K, capacity 25284K, committed 25648K, reserved 1073152K
  class space    used 2635K, capacity 2822K, committed 2944K, reserved 1048576K
}
Event: 34.045 GC heap after
{Heap after GC invocations=7 (full 0):
 garbage-first heap   total 65536K, used 12219K [0x00000000c1400000, 0x0000000100000000)
  region size 1024K, 2 young (2048K), 2 survivors (2048K)
 Metaspace       used 24702K, capacity 25284K, committed 25648K, reserved 1073152K
  class space    used 2635K, capacity 2822K, committed 2944K, reserved 1048576K
}
Event: 43.320 GC heap before
{Heap before GC invocations=7 (full 0):
 garbage-first heap   total 65536K, used 44987K [0x00000000c1400000, 0x0000000100000000)
  region size 1024K, 34 young (34816K), 2 survivors (2048K)
 Metaspace       used 26792K, capacity 27467K, committed 27568K, reserved 1073152K
  class space    used 2803K, capacity 3044K, committed 3072K, reserved 1048576K
}
Event: 43.355 GC heap after
{Heap after GC invocations=8 (full 0):
 garbage-first heap   total 65536K, used 13494K [0x00000000c1400000, 0x0000000100000000)
  region size 1024K, 4 young (4096K), 4 survivors (4096K)
 Metaspace       used 26792K, capacity 27467K, committed 27568K, reserved 1073152K
  class space    used 2803K, capacity 3044K, committed 3072K, reserved 1048576K
}

