# JRE version: OpenJDK Runtime Environment Corretto-11.0.18.10.1 (11.0.18+10) (build 11.0.18+10-LTS)
# Java VM: OpenJDK 64-Bit Server VM Corretto-11.0.18.10.1 (11.0.18+10-LTS, mixed mode, tiered, compressed oops, g1 gc, windows-amd64)
Heap:
 garbage-first heap   total 78848K, used 50363K [0x00000000c1400000, 0x0000000100000000)
  region size 1024K, 24 young (24576K), 3 survivors (3072K)
 Metaspace       used 37467K, capacity 38432K, committed 38608K, reserved 1083392K
  class space    used 4024K, capacity 4369K, committed 4384K, reserved 1048576K
GC Heap History (20 events):
Event: 2.261 GC heap before
{Heap before GC invocations=0 (full 0):
 garbage-first heap   total 65536K, used 13312K [0x00000000c1400000, 0x0000000100000000)
  region size 1024K, 14 young (14336K), 0 survivors (0K)
 Metaspace       used 11157K, capacity 11365K, committed 11392K, reserved 1058816K
  class space    used 1042K, capacity 1130K, committed 1152K, reserved 1048576K
}
Event: 2.273 GC heap after
{Heap after GC invocations=1 (full 0):
 garbage-first heap   total 65536K, used 3044K [0x00000000c1400000, 0x0000000100000000)
  region size 1024K, 2 young (2048K), 2 survivors (2048K)
 Metaspace       used 11157K, capacity 11365K, committed 11392K, reserved 1058816K
  class space    used 1042K, capacity 1130K, committed 1152K, reserved 1048576K
}
Event: 2.728 GC heap before
{Heap before GC invocations=1 (full 0):
 garbage-first heap   total 65536K, used 13284K [0x00000000c1400000, 0x0000000100000000)
  region size 1024K, 12 young (12288K), 2 survivors (2048K)
 Metaspace       used 13036K, capacity 13295K, committed 13568K, reserved 1060864K
  class space    used 1314K, capacity 1412K, committed 1536K, reserved 1048576K
}
Event: 2.735 GC heap after
{Heap after GC invocations=2 (full 0):
 garbage-first heap   total 65536K, used 3663K [0x00000000c1400000, 0x0000000100000000)
  region size 1024K, 1 young (1024K), 1 survivors (1024K)
 Metaspace       used 13036K, capacity 13295K, committed 13568K, reserved 1060864K
  class space    used 1314K, capacity 1412K, committed 1536K, reserved 1048576K
}
Event: 3.837 GC heap before
{Heap before GC invocations=2 (full 0):
 garbage-first heap   total 65536K, used 30287K [0x00000000c1400000, 0x0000000100000000)
  region size 1024K, 27 young (27648K), 1 survivors (1024K)
 Metaspace       used 16053K, capacity 16235K, committed 16384K, reserved 1064960K
  class space    used 1672K, capacity 1750K, committed 1792K, reserved 1048576K
}
Event: 3.844 GC heap after
{Heap after GC invocations=3 (full 0):
 garbage-first heap   total 65536K, used 4636K [0x00000000c1400000, 0x0000000100000000)
  region size 1024K, 2 young (2048K), 2 survivors (2048K)
 Metaspace       used 16053K, capacity 16235K, committed 16384K, reserved 1064960K
  class space    used 1672K, capacity 1750K, committed 1792K, reserved 1048576K
}
Event: 5.455 GC heap before
{Heap before GC invocations=3 (full 0):
 garbage-first heap   total 65536K, used 31260K [0x00000000c1400000, 0x0000000100000000)
  region size 1024K, 29 young (29696K), 2 survivors (2048K)
 Metaspace       used 20930K, capacity 21209K, committed 21296K, reserved 1069056K
  class space    used 2305K, capacity 2423K, committed 2432K, reserved 1048576K
}
Event: 5.471 GC heap after
{Heap after GC invocations=4 (full 0):
 garbage-first heap   total 65536K, used 6567K [0x00000000c1400000, 0x0000000100000000)
  region size 1024K, 4 young (4096K), 4 survivors (4096K)
 Metaspace       used 20930K, capacity 21209K, committed 21296K, reserved 1069056K
  class space    used 2305K, capacity 2423K, committed 2432K, reserved 1048576K
}
Event: 7.344 GC heap before
{Heap before GC invocations=5 (full 0):
 garbage-first heap   total 65536K, used 39335K [0x00000000c1400000, 0x0000000100000000)
  region size 1024K, 36 young (36864K), 4 survivors (4096K)
 Metaspace       used 23733K, capacity 24244K, committed 24444K, reserved 1071104K
  class space    used 2571K, capacity 2729K, committed 2764K, reserved 1048576K
}
Event: 7.374 GC heap after
{Heap after GC invocations=6 (full 0):
 garbage-first heap   total 65536K, used 10257K [0x00000000c1400000, 0x0000000100000000)
  region size 1024K, 5 young (5120K), 5 survivors (5120K)
 Metaspace       used 23733K, capacity 24244K, committed 24444K, reserved 1071104K
  class space    used 2571K, capacity 2729K, committed 2764K, reserved 1048576K
}
Event: 9.242 GC heap before
{Heap before GC invocations=6 (full 0):
 garbage-first heap   total 65536K, used 43025K [0x00000000c1400000, 0x0000000100000000)
  region size 1024K, 37 young (37888K), 5 survivors (5120K)
 Metaspace       used 24631K, capacity 25218K, committed 25340K, reserved 1071104K
  class space    used 2634K, capacity 2820K, committed 2892K, reserved 1048576K
}
Event: 9.272 GC heap after
{Heap after GC invocations=7 (full 0):
 garbage-first heap   total 78848K, used 12431K [0x00000000c1400000, 0x0000000100000000)
  region size 1024K, 2 young (2048K), 2 survivors (2048K)
 Metaspace       used 24631K, capacity 25218K, committed 25340K, reserved 1071104K
  class space    used 2634K, capacity 2820K, committed 2892K, reserved 1048576K
}
Event: 11.729 GC heap before
{Heap before GC invocations=7 (full 0):
 garbage-first heap   total 78848K, used 49295K [0x00000000c1400000, 0x0000000100000000)
  region size 1024K, 38 young (38912K), 2 survivors (2048K)
 Metaspace       used 31924K, capacity 32684K, committed 32892K, reserved 1079296K
  class space    used 3473K, capacity 3720K, committed 3788K, reserved 1048576K
}
Event: 11.742 GC heap after
{Heap after GC invocations=8 (full 0):
 garbage-first heap   total 78848K, used 14979K [0x00000000c1400000, 0x0000000100000000)
  region size 1024K, 5 young (5120K), 5 survivors (5120K)
 Metaspace       used 31924K, capacity 32684K, committed 32892K, reserved 1079296K
  class space    used 3473K, capacity 3720K, committed 3788K, reserved 1048576K
}
Event: 13.858 GC heap before
{Heap before GC invocations=8 (full 0):
 garbage-first heap   total 78848K, used 52867K [0x00000000c1400000, 0x0000000100000000)
  region size 1024K, 42 young (43008K), 5 survivors (5120K)
 Metaspace       used 34855K, capacity 35814K, committed 36048K, reserved 1081344K
  class space    used 3724K, capacity 4052K, committed 4128K, reserved 1048576K
}
Event: 13.876 GC heap after
{Heap after GC invocations=9 (full 0):
 garbage-first heap   total 78848K, used 16694K [0x00000000c1400000, 0x0000000100000000)
  region size 1024K, 5 young (5120K), 5 survivors (5120K)
 Metaspace       used 34855K, capacity 35814K, committed 36048K, reserved 1081344K
  class space    used 3724K, capacity 4052K, committed 4128K, reserved 1048576K
}
Event: 13.918 GC heap before
{Heap before GC invocations=9 (full 0):
 garbage-first heap   total 78848K, used 17718K [0x00000000c1400000, 0x0000000100000000)
  region size 1024K, 7 young (7168K), 5 survivors (5120K)
 Metaspace       used 35004K, capacity 35942K, committed 36048K, reserved 1081344K
  class space    used 3743K, capacity 4052K, committed 4128K, reserved 1048576K
}
Event: 13.930 GC heap after
{Heap after GC invocations=10 (full 0):
 garbage-first heap   total 78848K, used 16701K [0x00000000c1400000, 0x0000000100000000)
  region size 1024K, 2 young (2048K), 2 survivors (2048K)
 Metaspace       used 35004K, capacity 35942K, committed 36048K, reserved 1081344K
  class space    used 3743K, capacity 4052K, committed 4128K, reserved 1048576K
}
Event: 15.054 GC heap before
{Heap before GC invocations=11 (full 0):
 garbage-first heap   total 78848K, used 57661K [0x00000000c1400000, 0x0000000100000000)
  region size 1024K, 42 young (43008K), 2 survivors (2048K)
 Metaspace       used 35771K, capacity 36646K, committed 36816K, reserved 1081344K
  class space    used 3787K, capacity 4095K, committed 4128K, reserved 1048576K
}
Event: 15.065 GC heap after
{Heap after GC invocations=12 (full 0):
 garbage-first heap   total 78848K, used 17595K [0x00000000c1400000, 0x0000000100000000)
  region size 1024K, 3 young (3072K), 3 survivors (3072K)
 Metaspace       used 35771K, capacity 36646K, committed 36816K, reserved 1081344K
  class space    used 3787K, capacity 4095K, committed 4128K, reserved 1048576K
}

